[0.006s] Invoking command in '/home/mattia/GitProjects/Storage/Formula/ros2-esercizio-nodo/build/cpp_pubsub': CMAKE_PREFIX_PATH=/opt/ros/humble /usr/bin/cmake /home/mattia/GitProjects/Storage/Formula/ros2-esercizio-nodo/src/cpp_pubsub -DCMAKE_INSTALL_PREFIX=/home/mattia/GitProjects/Storage/Formula/ros2-esercizio-nodo/install/cpp_pubsub
[0.047s] -- The C compiler identification is GNU 11.4.0
[0.087s] -- The CXX compiler identification is GNU 11.4.0
[0.093s] -- Detecting C compiler ABI info
[0.139s] -- Detecting C compiler ABI info - done
[0.145s] -- Check for working C compiler: /usr/bin/cc - skipped
[0.145s] -- Detecting C compile features
[0.145s] -- Detecting C compile features - done
[0.148s] -- Detecting CXX compiler ABI info
[0.199s] -- Detecting CXX compiler ABI info - done
[0.204s] -- Check for working CXX compiler: /usr/bin/c++ - skipped
[0.204s] -- Detecting CXX compile features
[0.205s] -- Detecting CXX compile features - done
[0.206s] -- Found ament_cmake: 1.3.10 (/opt/ros/humble/share/ament_cmake/cmake)
[0.305s] -- Found Python3: /usr/bin/python3 (found version "3.10.12") found components: Interpreter 
[0.362s] -- Found rclcpp: 16.0.10 (/opt/ros/humble/share/rclcpp/cmake)
[0.386s] -- Found rosidl_generator_c: 3.1.5 (/opt/ros/humble/share/rosidl_generator_c/cmake)
[0.388s] -- Found rosidl_adapter: 3.1.5 (/opt/ros/humble/share/rosidl_adapter/cmake)
[0.393s] -- Found rosidl_generator_cpp: 3.1.5 (/opt/ros/humble/share/rosidl_generator_cpp/cmake)
[0.400s] -- Using all available rosidl_typesupport_c: rosidl_typesupport_fastrtps_c;rosidl_typesupport_introspection_c
[0.410s] -- Using all available rosidl_typesupport_cpp: rosidl_typesupport_fastrtps_cpp;rosidl_typesupport_introspection_cpp
[0.437s] -- Found rmw_implementation_cmake: 6.1.2 (/opt/ros/humble/share/rmw_implementation_cmake/cmake)
[0.439s] -- Found rmw_fastrtps_cpp: 6.2.7 (/opt/ros/humble/share/rmw_fastrtps_cpp/cmake)
[0.492s] -- Found OpenSSL: /usr/lib/x86_64-linux-gnu/libcrypto.so (found version "3.0.2")  
[0.518s] -- Found FastRTPS: /opt/ros/humble/include  
[0.546s] -- Using RMW implementation 'rmw_fastrtps_cpp' as default
[0.550s] -- Looking for pthread.h
[0.599s] -- Looking for pthread.h - found
[0.599s] -- Performing Test CMAKE_HAVE_LIBC_PTHREAD
[0.664s] -- Performing Test CMAKE_HAVE_LIBC_PTHREAD - Success
[0.665s] -- Found Threads: TRUE  
[0.748s] -- Configuring done
[0.753s] -- Generating done
[0.755s] -- Build files have been written to: /home/mattia/GitProjects/Storage/Formula/ros2-esercizio-nodo/build/cpp_pubsub
[0.763s] Invoked command in '/home/mattia/GitProjects/Storage/Formula/ros2-esercizio-nodo/build/cpp_pubsub' returned '0': CMAKE_PREFIX_PATH=/opt/ros/humble /usr/bin/cmake /home/mattia/GitProjects/Storage/Formula/ros2-esercizio-nodo/src/cpp_pubsub -DCMAKE_INSTALL_PREFIX=/home/mattia/GitProjects/Storage/Formula/ros2-esercizio-nodo/install/cpp_pubsub
[0.764s] Invoking command in '/home/mattia/GitProjects/Storage/Formula/ros2-esercizio-nodo/build/cpp_pubsub': CMAKE_PREFIX_PATH=/opt/ros/humble /usr/bin/cmake --build /home/mattia/GitProjects/Storage/Formula/ros2-esercizio-nodo/build/cpp_pubsub -- -j8 -l8
[0.797s] [ 50%] [32mBuilding CXX object CMakeFiles/node.dir/src/node.cpp.o[0m
[6.193s] [100%] [32m[1mLinking CXX executable node[0m
[6.460s] [100%] Built target node
[6.467s] Invoked command in '/home/mattia/GitProjects/Storage/Formula/ros2-esercizio-nodo/build/cpp_pubsub' returned '0': CMAKE_PREFIX_PATH=/opt/ros/humble /usr/bin/cmake --build /home/mattia/GitProjects/Storage/Formula/ros2-esercizio-nodo/build/cpp_pubsub -- -j8 -l8
[6.474s] Invoking command in '/home/mattia/GitProjects/Storage/Formula/ros2-esercizio-nodo/build/cpp_pubsub': CMAKE_PREFIX_PATH=/opt/ros/humble /usr/bin/cmake --install /home/mattia/GitProjects/Storage/Formula/ros2-esercizio-nodo/build/cpp_pubsub
[6.479s] -- Install configuration: ""
[6.479s] -- Installing: /home/mattia/GitProjects/Storage/Formula/ros2-esercizio-nodo/install/cpp_pubsub/lib/cpp_pubsub/node
[6.481s] -- Set runtime path of "/home/mattia/GitProjects/Storage/Formula/ros2-esercizio-nodo/install/cpp_pubsub/lib/cpp_pubsub/node" to ""
[6.481s] -- Installing: /home/mattia/GitProjects/Storage/Formula/ros2-esercizio-nodo/install/cpp_pubsub/share/ament_index/resource_index/package_run_dependencies/cpp_pubsub
[6.481s] -- Installing: /home/mattia/GitProjects/Storage/Formula/ros2-esercizio-nodo/install/cpp_pubsub/share/ament_index/resource_index/parent_prefix_path/cpp_pubsub
[6.481s] -- Installing: /home/mattia/GitProjects/Storage/Formula/ros2-esercizio-nodo/install/cpp_pubsub/share/cpp_pubsub/environment/ament_prefix_path.sh
[6.481s] -- Installing: /home/mattia/GitProjects/Storage/Formula/ros2-esercizio-nodo/install/cpp_pubsub/share/cpp_pubsub/environment/ament_prefix_path.dsv
[6.481s] -- Installing: /home/mattia/GitProjects/Storage/Formula/ros2-esercizio-nodo/install/cpp_pubsub/share/cpp_pubsub/environment/path.sh
[6.481s] -- Installing: /home/mattia/GitProjects/Storage/Formula/ros2-esercizio-nodo/install/cpp_pubsub/share/cpp_pubsub/environment/path.dsv
[6.481s] -- Installing: /home/mattia/GitProjects/Storage/Formula/ros2-esercizio-nodo/install/cpp_pubsub/share/cpp_pubsub/local_setup.bash
[6.481s] -- Installing: /home/mattia/GitProjects/Storage/Formula/ros2-esercizio-nodo/install/cpp_pubsub/share/cpp_pubsub/local_setup.sh
[6.482s] -- Installing: /home/mattia/GitProjects/Storage/Formula/ros2-esercizio-nodo/install/cpp_pubsub/share/cpp_pubsub/local_setup.zsh
[6.482s] -- Installing: /home/mattia/GitProjects/Storage/Formula/ros2-esercizio-nodo/install/cpp_pubsub/share/cpp_pubsub/local_setup.dsv
[6.482s] -- Installing: /home/mattia/GitProjects/Storage/Formula/ros2-esercizio-nodo/install/cpp_pubsub/share/cpp_pubsub/package.dsv
[6.482s] -- Installing: /home/mattia/GitProjects/Storage/Formula/ros2-esercizio-nodo/install/cpp_pubsub/share/ament_index/resource_index/packages/cpp_pubsub
[6.482s] -- Installing: /home/mattia/GitProjects/Storage/Formula/ros2-esercizio-nodo/install/cpp_pubsub/share/cpp_pubsub/cmake/cpp_pubsubConfig.cmake
[6.482s] -- Installing: /home/mattia/GitProjects/Storage/Formula/ros2-esercizio-nodo/install/cpp_pubsub/share/cpp_pubsub/cmake/cpp_pubsubConfig-version.cmake
[6.482s] -- Installing: /home/mattia/GitProjects/Storage/Formula/ros2-esercizio-nodo/install/cpp_pubsub/share/cpp_pubsub/package.xml
[6.483s] Invoked command in '/home/mattia/GitProjects/Storage/Formula/ros2-esercizio-nodo/build/cpp_pubsub' returned '0': CMAKE_PREFIX_PATH=/opt/ros/humble /usr/bin/cmake --install /home/mattia/GitProjects/Storage/Formula/ros2-esercizio-nodo/build/cpp_pubsub
