[0.066s] DEBUG:colcon:Command line arguments: ['/usr/bin/colcon', 'build', '--packages-select', 'cpp_pubsub']
[0.066s] DEBUG:colcon:Parsed command line arguments: Namespace(log_base=None, log_level=None, verb_name='build', build_base='build', install_base='install', merge_install=False, symlink_install=False, test_result_base=None, continue_on_error=False, executor='parallel', parallel_workers=8, event_handlers=None, ignore_user_meta=False, metas=['./colcon.meta'], base_paths=['.'], packages_ignore=None, packages_ignore_regex=None, paths=None, packages_up_to=None, packages_up_to_regex=None, packages_above=None, packages_above_and_dependencies=None, packages_above_depth=None, packages_select_by_dep=None, packages_skip_by_dep=None, packages_skip_up_to=None, packages_select_build_failed=False, packages_skip_build_finished=False, packages_select_test_failures=False, packages_skip_test_passed=False, packages_select=['cpp_pubsub'], packages_skip=None, packages_select_regex=None, packages_skip_regex=None, packages_start=None, packages_end=None, allow_overriding=[], cmake_args=None, cmake_target=None, cmake_target_skip_unavailable=False, cmake_clean_cache=False, cmake_clean_first=False, cmake_force_configure=False, ament_cmake_args=None, catkin_cmake_args=None, catkin_skip_building_tests=False, verb_parser=<colcon_defaults.argument_parser.defaults.DefaultArgumentsDecorator object at 0x76ee5062d690>, verb_extension=<colcon_core.verb.build.BuildVerb object at 0x76ee5075ea10>, main=<bound method BuildVerb.main of <colcon_core.verb.build.BuildVerb object at 0x76ee5075ea10>>)
[0.175s] Level 1:colcon.colcon_core.package_discovery:discover_packages(colcon_meta) check parameters
[0.175s] Level 1:colcon.colcon_core.package_discovery:discover_packages(recursive) check parameters
[0.175s] Level 1:colcon.colcon_core.package_discovery:discover_packages(ignore) check parameters
[0.175s] Level 1:colcon.colcon_core.package_discovery:discover_packages(path) check parameters
[0.175s] Level 1:colcon.colcon_core.package_discovery:discover_packages(colcon_meta) discover
[0.175s] Level 1:colcon.colcon_core.package_discovery:discover_packages(recursive) discover
[0.175s] INFO:colcon.colcon_core.package_discovery:Crawling recursively for packages in '/home/mattia/GitProjects/Storage/Formula/ros2-esercizio-nodo'
[0.176s] Level 1:colcon.colcon_core.package_identification:_identify(.) by extensions ['ignore', 'ignore_ament_install']
[0.176s] Level 1:colcon.colcon_core.package_identification:_identify(.) by extension 'ignore'
[0.176s] Level 1:colcon.colcon_core.package_identification:_identify(.) by extension 'ignore_ament_install'
[0.176s] Level 1:colcon.colcon_core.package_identification:_identify(.) by extensions ['colcon_pkg']
[0.176s] Level 1:colcon.colcon_core.package_identification:_identify(.) by extension 'colcon_pkg'
[0.176s] Level 1:colcon.colcon_core.package_identification:_identify(.) by extensions ['colcon_meta']
[0.176s] Level 1:colcon.colcon_core.package_identification:_identify(.) by extension 'colcon_meta'
[0.176s] Level 1:colcon.colcon_core.package_identification:_identify(.) by extensions ['ros']
[0.176s] Level 1:colcon.colcon_core.package_identification:_identify(.) by extension 'ros'
[0.183s] Level 1:colcon.colcon_core.package_identification:_identify(.) by extensions ['cmake', 'python']
[0.183s] Level 1:colcon.colcon_core.package_identification:_identify(.) by extension 'cmake'
[0.183s] Level 1:colcon.colcon_core.package_identification:_identify(.) by extension 'python'
[0.183s] Level 1:colcon.colcon_core.package_identification:_identify(.) by extensions ['python_setup_py']
[0.183s] Level 1:colcon.colcon_core.package_identification:_identify(.) by extension 'python_setup_py'
[0.183s] Level 1:colcon.colcon_core.package_identification:_identify(build) by extensions ['ignore', 'ignore_ament_install']
[0.183s] Level 1:colcon.colcon_core.package_identification:_identify(build) by extension 'ignore'
[0.183s] Level 1:colcon.colcon_core.package_identification:_identify(build) ignored
[0.183s] Level 1:colcon.colcon_core.package_identification:_identify(install) by extensions ['ignore', 'ignore_ament_install']
[0.183s] Level 1:colcon.colcon_core.package_identification:_identify(install) by extension 'ignore'
[0.183s] Level 1:colcon.colcon_core.package_identification:_identify(install) ignored
[0.183s] Level 1:colcon.colcon_core.package_identification:_identify(log) by extensions ['ignore', 'ignore_ament_install']
[0.183s] Level 1:colcon.colcon_core.package_identification:_identify(log) by extension 'ignore'
[0.183s] Level 1:colcon.colcon_core.package_identification:_identify(log) ignored
[0.184s] Level 1:colcon.colcon_core.package_identification:_identify(src) by extensions ['ignore', 'ignore_ament_install']
[0.184s] Level 1:colcon.colcon_core.package_identification:_identify(src) by extension 'ignore'
[0.184s] Level 1:colcon.colcon_core.package_identification:_identify(src) by extension 'ignore_ament_install'
[0.184s] Level 1:colcon.colcon_core.package_identification:_identify(src) by extensions ['colcon_pkg']
[0.184s] Level 1:colcon.colcon_core.package_identification:_identify(src) by extension 'colcon_pkg'
[0.184s] Level 1:colcon.colcon_core.package_identification:_identify(src) by extensions ['colcon_meta']
[0.184s] Level 1:colcon.colcon_core.package_identification:_identify(src) by extension 'colcon_meta'
[0.184s] Level 1:colcon.colcon_core.package_identification:_identify(src) by extensions ['ros']
[0.184s] Level 1:colcon.colcon_core.package_identification:_identify(src) by extension 'ros'
[0.184s] Level 1:colcon.colcon_core.package_identification:_identify(src) by extensions ['cmake', 'python']
[0.184s] Level 1:colcon.colcon_core.package_identification:_identify(src) by extension 'cmake'
[0.184s] Level 1:colcon.colcon_core.package_identification:_identify(src) by extension 'python'
[0.184s] Level 1:colcon.colcon_core.package_identification:_identify(src) by extensions ['python_setup_py']
[0.184s] Level 1:colcon.colcon_core.package_identification:_identify(src) by extension 'python_setup_py'
[0.184s] Level 1:colcon.colcon_core.package_identification:_identify(src/cpp_pubsub) by extensions ['ignore', 'ignore_ament_install']
[0.184s] Level 1:colcon.colcon_core.package_identification:_identify(src/cpp_pubsub) by extension 'ignore'
[0.184s] Level 1:colcon.colcon_core.package_identification:_identify(src/cpp_pubsub) by extension 'ignore_ament_install'
[0.184s] Level 1:colcon.colcon_core.package_identification:_identify(src/cpp_pubsub) by extensions ['colcon_pkg']
[0.184s] Level 1:colcon.colcon_core.package_identification:_identify(src/cpp_pubsub) by extension 'colcon_pkg'
[0.184s] Level 1:colcon.colcon_core.package_identification:_identify(src/cpp_pubsub) by extensions ['colcon_meta']
[0.184s] Level 1:colcon.colcon_core.package_identification:_identify(src/cpp_pubsub) by extension 'colcon_meta'
[0.184s] Level 1:colcon.colcon_core.package_identification:_identify(src/cpp_pubsub) by extensions ['ros']
[0.184s] Level 1:colcon.colcon_core.package_identification:_identify(src/cpp_pubsub) by extension 'ros'
[0.186s] DEBUG:colcon.colcon_core.package_identification:Package 'src/cpp_pubsub' with type 'ros.ament_cmake' and name 'cpp_pubsub'
[0.186s] Level 1:colcon.colcon_core.package_discovery:discover_packages(recursive) using defaults
[0.186s] Level 1:colcon.colcon_core.package_discovery:discover_packages(ignore) discover
[0.186s] Level 1:colcon.colcon_core.package_discovery:discover_packages(ignore) using defaults
[0.186s] Level 1:colcon.colcon_core.package_discovery:discover_packages(path) discover
[0.186s] Level 1:colcon.colcon_core.package_discovery:discover_packages(path) using defaults
[0.198s] Level 1:colcon.colcon_core.package_discovery:discover_packages(prefix_path) check parameters
[0.198s] Level 1:colcon.colcon_core.package_discovery:discover_packages(prefix_path) discover
[0.200s] DEBUG:colcon.colcon_installed_package_information.package_discovery:Found 309 installed packages in /opt/ros/humble
[0.209s] Level 1:colcon.colcon_core.package_discovery:discover_packages(prefix_path) using defaults
[0.234s] Level 5:colcon.colcon_core.verb:set package 'cpp_pubsub' build argument 'cmake_args' from command line to 'None'
[0.234s] Level 5:colcon.colcon_core.verb:set package 'cpp_pubsub' build argument 'cmake_target' from command line to 'None'
[0.234s] Level 5:colcon.colcon_core.verb:set package 'cpp_pubsub' build argument 'cmake_target_skip_unavailable' from command line to 'False'
[0.234s] Level 5:colcon.colcon_core.verb:set package 'cpp_pubsub' build argument 'cmake_clean_cache' from command line to 'False'
[0.234s] Level 5:colcon.colcon_core.verb:set package 'cpp_pubsub' build argument 'cmake_clean_first' from command line to 'False'
[0.234s] Level 5:colcon.colcon_core.verb:set package 'cpp_pubsub' build argument 'cmake_force_configure' from command line to 'False'
[0.234s] Level 5:colcon.colcon_core.verb:set package 'cpp_pubsub' build argument 'ament_cmake_args' from command line to 'None'
[0.234s] Level 5:colcon.colcon_core.verb:set package 'cpp_pubsub' build argument 'catkin_cmake_args' from command line to 'None'
[0.234s] Level 5:colcon.colcon_core.verb:set package 'cpp_pubsub' build argument 'catkin_skip_building_tests' from command line to 'False'
[0.234s] DEBUG:colcon.colcon_core.verb:Building package 'cpp_pubsub' with the following arguments: {'ament_cmake_args': None, 'build_base': '/home/mattia/GitProjects/Storage/Formula/ros2-esercizio-nodo/build/cpp_pubsub', 'catkin_cmake_args': None, 'catkin_skip_building_tests': False, 'cmake_args': None, 'cmake_clean_cache': False, 'cmake_clean_first': False, 'cmake_force_configure': False, 'cmake_target': None, 'cmake_target_skip_unavailable': False, 'install_base': '/home/mattia/GitProjects/Storage/Formula/ros2-esercizio-nodo/install/cpp_pubsub', 'merge_install': False, 'path': '/home/mattia/GitProjects/Storage/Formula/ros2-esercizio-nodo/src/cpp_pubsub', 'symlink_install': False, 'test_result_base': None}
[0.234s] INFO:colcon.colcon_core.executor:Executing jobs using 'parallel' executor
[0.235s] DEBUG:colcon.colcon_parallel_executor.executor.parallel:run_until_complete
[0.235s] INFO:colcon.colcon_ros.task.ament_cmake.build:Building ROS package in '/home/mattia/GitProjects/Storage/Formula/ros2-esercizio-nodo/src/cpp_pubsub' with build type 'ament_cmake'
[0.235s] INFO:colcon.colcon_cmake.task.cmake.build:Building CMake package in '/home/mattia/GitProjects/Storage/Formula/ros2-esercizio-nodo/src/cpp_pubsub'
[0.236s] INFO:colcon.colcon_core.plugin_system:Skipping extension 'colcon_core.shell.bat': Not used on non-Windows systems
[0.236s] INFO:colcon.colcon_core.shell:Skip shell extension 'powershell' for command environment: Not usable outside of PowerShell
[0.236s] DEBUG:colcon.colcon_core.shell:Skip shell extension 'dsv' for command environment
[0.242s] DEBUG:colcon.colcon_core.event_handler.log_command:Invoking command in '/home/mattia/GitProjects/Storage/Formula/ros2-esercizio-nodo/build/cpp_pubsub': CMAKE_PREFIX_PATH=/opt/ros/humble /usr/bin/cmake /home/mattia/GitProjects/Storage/Formula/ros2-esercizio-nodo/src/cpp_pubsub -DCMAKE_INSTALL_PREFIX=/home/mattia/GitProjects/Storage/Formula/ros2-esercizio-nodo/install/cpp_pubsub
[0.998s] DEBUG:colcon.colcon_core.event_handler.log_command:Invoked command in '/home/mattia/GitProjects/Storage/Formula/ros2-esercizio-nodo/build/cpp_pubsub' returned '0': CMAKE_PREFIX_PATH=/opt/ros/humble /usr/bin/cmake /home/mattia/GitProjects/Storage/Formula/ros2-esercizio-nodo/src/cpp_pubsub -DCMAKE_INSTALL_PREFIX=/home/mattia/GitProjects/Storage/Formula/ros2-esercizio-nodo/install/cpp_pubsub
[0.999s] DEBUG:colcon.colcon_core.event_handler.log_command:Invoking command in '/home/mattia/GitProjects/Storage/Formula/ros2-esercizio-nodo/build/cpp_pubsub': CMAKE_PREFIX_PATH=/opt/ros/humble /usr/bin/cmake --build /home/mattia/GitProjects/Storage/Formula/ros2-esercizio-nodo/build/cpp_pubsub -- -j8 -l8
[6.703s] DEBUG:colcon.colcon_core.event_handler.log_command:Invoked command in '/home/mattia/GitProjects/Storage/Formula/ros2-esercizio-nodo/build/cpp_pubsub' returned '0': CMAKE_PREFIX_PATH=/opt/ros/humble /usr/bin/cmake --build /home/mattia/GitProjects/Storage/Formula/ros2-esercizio-nodo/build/cpp_pubsub -- -j8 -l8
[6.709s] DEBUG:colcon.colcon_core.event_handler.log_command:Invoking command in '/home/mattia/GitProjects/Storage/Formula/ros2-esercizio-nodo/build/cpp_pubsub': CMAKE_PREFIX_PATH=/opt/ros/humble /usr/bin/cmake --install /home/mattia/GitProjects/Storage/Formula/ros2-esercizio-nodo/build/cpp_pubsub
[6.718s] Level 1:colcon.colcon_core.environment:create_environment_scripts_only(cpp_pubsub)
[6.719s] DEBUG:colcon.colcon_core.event_handler.log_command:Invoked command in '/home/mattia/GitProjects/Storage/Formula/ros2-esercizio-nodo/build/cpp_pubsub' returned '0': CMAKE_PREFIX_PATH=/opt/ros/humble /usr/bin/cmake --install /home/mattia/GitProjects/Storage/Formula/ros2-esercizio-nodo/build/cpp_pubsub
[6.720s] Level 1:colcon.colcon_core.environment:checking '/home/mattia/GitProjects/Storage/Formula/ros2-esercizio-nodo/install/cpp_pubsub' for CMake module files
[6.720s] Level 1:colcon.colcon_core.environment:checking '/home/mattia/GitProjects/Storage/Formula/ros2-esercizio-nodo/install/cpp_pubsub' for CMake config files
[6.720s] Level 1:colcon.colcon_core.shell:create_environment_hook('cpp_pubsub', 'cmake_prefix_path')
[6.720s] INFO:colcon.colcon_core.shell:Creating environment hook '/home/mattia/GitProjects/Storage/Formula/ros2-esercizio-nodo/install/cpp_pubsub/share/cpp_pubsub/hook/cmake_prefix_path.ps1'
[6.721s] INFO:colcon.colcon_core.shell:Creating environment descriptor '/home/mattia/GitProjects/Storage/Formula/ros2-esercizio-nodo/install/cpp_pubsub/share/cpp_pubsub/hook/cmake_prefix_path.dsv'
[6.721s] INFO:colcon.colcon_core.shell:Creating environment hook '/home/mattia/GitProjects/Storage/Formula/ros2-esercizio-nodo/install/cpp_pubsub/share/cpp_pubsub/hook/cmake_prefix_path.sh'
[6.722s] Level 1:colcon.colcon_core.environment:checking '/home/mattia/GitProjects/Storage/Formula/ros2-esercizio-nodo/install/cpp_pubsub/lib'
[6.722s] Level 1:colcon.colcon_core.environment:checking '/home/mattia/GitProjects/Storage/Formula/ros2-esercizio-nodo/install/cpp_pubsub/bin'
[6.722s] Level 1:colcon.colcon_core.environment:checking '/home/mattia/GitProjects/Storage/Formula/ros2-esercizio-nodo/install/cpp_pubsub/lib/pkgconfig/cpp_pubsub.pc'
[6.722s] Level 1:colcon.colcon_core.environment:checking '/home/mattia/GitProjects/Storage/Formula/ros2-esercizio-nodo/install/cpp_pubsub/lib/python3.10/site-packages'
[6.722s] Level 1:colcon.colcon_core.environment:checking '/home/mattia/GitProjects/Storage/Formula/ros2-esercizio-nodo/install/cpp_pubsub/bin'
[6.722s] INFO:colcon.colcon_core.shell:Creating package script '/home/mattia/GitProjects/Storage/Formula/ros2-esercizio-nodo/install/cpp_pubsub/share/cpp_pubsub/package.ps1'
[6.723s] INFO:colcon.colcon_core.shell:Creating package descriptor '/home/mattia/GitProjects/Storage/Formula/ros2-esercizio-nodo/install/cpp_pubsub/share/cpp_pubsub/package.dsv'
[6.723s] INFO:colcon.colcon_core.shell:Creating package script '/home/mattia/GitProjects/Storage/Formula/ros2-esercizio-nodo/install/cpp_pubsub/share/cpp_pubsub/package.sh'
[6.724s] INFO:colcon.colcon_core.shell:Creating package script '/home/mattia/GitProjects/Storage/Formula/ros2-esercizio-nodo/install/cpp_pubsub/share/cpp_pubsub/package.bash'
[6.724s] INFO:colcon.colcon_core.shell:Creating package script '/home/mattia/GitProjects/Storage/Formula/ros2-esercizio-nodo/install/cpp_pubsub/share/cpp_pubsub/package.zsh'
[6.724s] Level 1:colcon.colcon_core.environment:create_file_with_runtime_dependencies(/home/mattia/GitProjects/Storage/Formula/ros2-esercizio-nodo/install/cpp_pubsub/share/colcon-core/packages/cpp_pubsub)
[6.725s] Level 1:colcon.colcon_core.environment:create_environment_scripts_only(cpp_pubsub)
[6.725s] Level 1:colcon.colcon_core.environment:checking '/home/mattia/GitProjects/Storage/Formula/ros2-esercizio-nodo/install/cpp_pubsub' for CMake module files
[6.725s] Level 1:colcon.colcon_core.environment:checking '/home/mattia/GitProjects/Storage/Formula/ros2-esercizio-nodo/install/cpp_pubsub' for CMake config files
[6.725s] Level 1:colcon.colcon_core.shell:create_environment_hook('cpp_pubsub', 'cmake_prefix_path')
[6.725s] INFO:colcon.colcon_core.shell:Creating environment hook '/home/mattia/GitProjects/Storage/Formula/ros2-esercizio-nodo/install/cpp_pubsub/share/cpp_pubsub/hook/cmake_prefix_path.ps1'
[6.726s] INFO:colcon.colcon_core.shell:Creating environment descriptor '/home/mattia/GitProjects/Storage/Formula/ros2-esercizio-nodo/install/cpp_pubsub/share/cpp_pubsub/hook/cmake_prefix_path.dsv'
[6.726s] INFO:colcon.colcon_core.shell:Creating environment hook '/home/mattia/GitProjects/Storage/Formula/ros2-esercizio-nodo/install/cpp_pubsub/share/cpp_pubsub/hook/cmake_prefix_path.sh'
[6.726s] Level 1:colcon.colcon_core.environment:checking '/home/mattia/GitProjects/Storage/Formula/ros2-esercizio-nodo/install/cpp_pubsub/lib'
[6.726s] Level 1:colcon.colcon_core.environment:checking '/home/mattia/GitProjects/Storage/Formula/ros2-esercizio-nodo/install/cpp_pubsub/bin'
[6.726s] Level 1:colcon.colcon_core.environment:checking '/home/mattia/GitProjects/Storage/Formula/ros2-esercizio-nodo/install/cpp_pubsub/lib/pkgconfig/cpp_pubsub.pc'
[6.726s] Level 1:colcon.colcon_core.environment:checking '/home/mattia/GitProjects/Storage/Formula/ros2-esercizio-nodo/install/cpp_pubsub/lib/python3.10/site-packages'
[6.727s] Level 1:colcon.colcon_core.environment:checking '/home/mattia/GitProjects/Storage/Formula/ros2-esercizio-nodo/install/cpp_pubsub/bin'
[6.727s] INFO:colcon.colcon_core.shell:Creating package script '/home/mattia/GitProjects/Storage/Formula/ros2-esercizio-nodo/install/cpp_pubsub/share/cpp_pubsub/package.ps1'
[6.727s] INFO:colcon.colcon_core.shell:Creating package descriptor '/home/mattia/GitProjects/Storage/Formula/ros2-esercizio-nodo/install/cpp_pubsub/share/cpp_pubsub/package.dsv'
[6.727s] INFO:colcon.colcon_core.shell:Creating package script '/home/mattia/GitProjects/Storage/Formula/ros2-esercizio-nodo/install/cpp_pubsub/share/cpp_pubsub/package.sh'
[6.728s] INFO:colcon.colcon_core.shell:Creating package script '/home/mattia/GitProjects/Storage/Formula/ros2-esercizio-nodo/install/cpp_pubsub/share/cpp_pubsub/package.bash'
[6.728s] INFO:colcon.colcon_core.shell:Creating package script '/home/mattia/GitProjects/Storage/Formula/ros2-esercizio-nodo/install/cpp_pubsub/share/cpp_pubsub/package.zsh'
[6.728s] Level 1:colcon.colcon_core.environment:create_file_with_runtime_dependencies(/home/mattia/GitProjects/Storage/Formula/ros2-esercizio-nodo/install/cpp_pubsub/share/colcon-core/packages/cpp_pubsub)
[6.728s] DEBUG:colcon.colcon_parallel_executor.executor.parallel:closing loop
[6.729s] DEBUG:colcon.colcon_parallel_executor.executor.parallel:loop closed
[6.729s] DEBUG:colcon.colcon_parallel_executor.executor.parallel:run_until_complete finished with '0'
[6.729s] DEBUG:colcon.colcon_core.event_reactor:joining thread
[6.732s] INFO:colcon.colcon_core.plugin_system:Skipping extension 'colcon_notification.desktop_notification.terminal_notifier': Not used on non-Darwin systems
[6.732s] INFO:colcon.colcon_core.plugin_system:Skipping extension 'colcon_notification.desktop_notification.win32': Not used on non-Windows systems
[6.732s] INFO:colcon.colcon_notification.desktop_notification:Sending desktop notification using 'notify2'
[6.740s] DEBUG:colcon.colcon_core.event_reactor:joined thread
[6.740s] INFO:colcon.colcon_core.shell:Creating prefix script '/home/mattia/GitProjects/Storage/Formula/ros2-esercizio-nodo/install/local_setup.ps1'
[6.741s] INFO:colcon.colcon_core.shell:Creating prefix util module '/home/mattia/GitProjects/Storage/Formula/ros2-esercizio-nodo/install/_local_setup_util_ps1.py'
[6.742s] INFO:colcon.colcon_core.shell:Creating prefix chain script '/home/mattia/GitProjects/Storage/Formula/ros2-esercizio-nodo/install/setup.ps1'
[6.742s] INFO:colcon.colcon_core.shell:Creating prefix script '/home/mattia/GitProjects/Storage/Formula/ros2-esercizio-nodo/install/local_setup.sh'
[6.743s] INFO:colcon.colcon_core.shell:Creating prefix util module '/home/mattia/GitProjects/Storage/Formula/ros2-esercizio-nodo/install/_local_setup_util_sh.py'
[6.743s] INFO:colcon.colcon_core.shell:Creating prefix chain script '/home/mattia/GitProjects/Storage/Formula/ros2-esercizio-nodo/install/setup.sh'
[6.744s] INFO:colcon.colcon_core.shell:Creating prefix script '/home/mattia/GitProjects/Storage/Formula/ros2-esercizio-nodo/install/local_setup.bash'
[6.744s] INFO:colcon.colcon_core.shell:Creating prefix chain script '/home/mattia/GitProjects/Storage/Formula/ros2-esercizio-nodo/install/setup.bash'
[6.745s] INFO:colcon.colcon_core.shell:Creating prefix script '/home/mattia/GitProjects/Storage/Formula/ros2-esercizio-nodo/install/local_setup.zsh'
[6.745s] INFO:colcon.colcon_core.shell:Creating prefix chain script '/home/mattia/GitProjects/Storage/Formula/ros2-esercizio-nodo/install/setup.zsh'
